<?xml version="1.0" encoding="UTF-8"?>
<!-- Generated by org.testng.reporters.JUnitXMLReporter -->
<testsuite ignored="1" hostname="user01" failures="0" tests="1" name="OpenCartApp Test" time="131.003" errors="0" timestamp="2023-08-16T13:46:58 IST">
  <testcase classname="testCases.TC002_LoginTest" name="test_Login" time="25.229"/>
  <testcase classname="testCases.TC001_AccountRegistrationTest" name="test_account_Registration" time="0.0">
    <ignored/>
  </testcase> <!-- test_account_Registration -->
</testsuite> <!-- OpenCartApp Test -->
