<?xml version="1.0" encoding="UTF-8"?>
<!-- Generated by org.testng.reporters.JUnitXMLReporter -->
<testsuite ignored="0" hostname="user01" failures="2" tests="2" name="BankingApp Test" time="45.968" errors="0" timestamp="2023-05-25T19:11:39 IST">
  <testcase classname="com.inetbanking.testCases.TC_LoginTest_001" name="LoginTest" time="10.127">
    <failure type="java.lang.AssertionError" message="expected [true] but found [false]">
      <![CDATA[java.lang.AssertionError: expected [true] but found [false]
at com.inetbanking.testCases.TC_LoginTest_001.LoginTest(TC_LoginTest_001.java:39)
at java.base/java.util.ArrayList.forEach(ArrayList.java:1511)
... Removed 34 stack frames]]>
    </failure>
  </testcase> <!-- LoginTest -->
  <testcase classname="com.inetbanking.testCases.TC_LoginTest_001" name="LoginTest" time="10.253">
    <failure type="java.lang.NullPointerException">
      <![CDATA[java.lang.NullPointerException
at java.base/java.io.File.<init>(File.java:278)
at com.inetbanking.utilities.Reporting.onTestFailure(Reporting.java:65)
at java.base/java.util.ArrayList.forEach(ArrayList.java:1511)
... Removed 27 stack frames]]>
    </failure>
  </testcase> <!-- LoginTest -->
</testsuite> <!-- BankingApp Test -->
