<?xml version="1.0" encoding="UTF-8"?>
<testng-results ignored="1" total="2" passed="1" failed="0" skipped="0">
  <reporter-output>
  </reporter-output>
  <suite started-at="2023-08-16T13:44:47 IST" name="InetBankingV1" finished-at="2023-08-16T13:46:58 IST" duration-ms="131003">
    <groups>
      <group name="Master">
        <method signature="TC002_LoginTest.test_Login()[pri:0, instance:testCases.TC002_LoginTest@145f66e3]" name="test_Login" class="testCases.TC002_LoginTest"/>
      </group> <!-- Master -->
      <group name="Sanity">
        <method signature="TC002_LoginTest.test_Login()[pri:0, instance:testCases.TC002_LoginTest@145f66e3]" name="test_Login" class="testCases.TC002_LoginTest"/>
      </group> <!-- Sanity -->
    </groups>
    <test started-at="2023-08-16T13:44:47 IST" name="OpenCartApp Test" finished-at="2023-08-16T13:46:58 IST" duration-ms="131003">
      <class name="testCases.TC002_LoginTest">
        <test-method is-config="true" signature="setup(java.lang.String)[pri:0, instance:testCases.TC002_LoginTest@145f66e3]" started-at="2023-08-16T13:44:52 IST" name="setup" finished-at="2023-08-16T13:46:32 IST" duration-ms="99204" status="PASS">
          <params>
            <param index="0">
              <value>
                <![CDATA[chrome]]>
              </value>
            </param>
          </params>
          <reporter-output>
          </reporter-output>
        </test-method> <!-- setup -->
        <test-method signature="test_Login()[pri:0, instance:testCases.TC002_LoginTest@145f66e3]" started-at="2023-08-16T13:46:32 IST" name="test_Login" finished-at="2023-08-16T13:46:57 IST" duration-ms="25229" status="PASS">
          <reporter-output>
          </reporter-output>
        </test-method> <!-- test_Login -->
        <test-method is-config="true" signature="tearDown()[pri:0, instance:testCases.TC002_LoginTest@145f66e3]" started-at="2023-08-16T13:46:57 IST" name="tearDown" finished-at="2023-08-16T13:46:58 IST" duration-ms="1301" status="PASS">
          <reporter-output>
          </reporter-output>
        </test-method> <!-- tearDown -->
      </class> <!-- testCases.TC002_LoginTest -->
    </test> <!-- OpenCartApp Test -->
  </suite> <!-- InetBankingV1 -->
</testng-results>
