<?xml version="1.0" encoding="UTF-8"?>
<testng-results ignored="0" total="1" passed="1" failed="0" skipped="0">
  <reporter-output>
  </reporter-output>
  <suite started-at="2023-05-15T12:50:39 IST" name="InetBankingV1" finished-at="2023-05-15T12:51:21 IST" duration-ms="41537">
    <groups>
    </groups>
    <test started-at="2023-05-15T12:50:39 IST" name="BankingApp Test" finished-at="2023-05-15T12:51:21 IST" duration-ms="41537">
      <class name="com.inetbanking.testCases.TC_LoginTest_001">
        <test-method is-config="true" signature="setup(java.lang.String)[pri:0, instance:com.inetbanking.testCases.TC_LoginTest_001@5f058f00]" started-at="2023-05-15T12:50:39 IST" name="setup" finished-at="2023-05-15T12:51:08 IST" duration-ms="28684" status="PASS">
          <params>
            <param index="0">
              <value>
                <![CDATA[chrome]]>
              </value>
            </param>
          </params>
          <reporter-output>
          </reporter-output>
        </test-method> <!-- setup -->
        <test-method signature="LoginTest()[pri:0, instance:com.inetbanking.testCases.TC_LoginTest_001@5f058f00]" started-at="2023-05-15T12:51:08 IST" name="LoginTest" finished-at="2023-05-15T12:51:19 IST" duration-ms="11089" status="PASS">
          <reporter-output>
          </reporter-output>
        </test-method> <!-- LoginTest -->
        <test-method is-config="true" signature="tearDown()[pri:0, instance:com.inetbanking.testCases.TC_LoginTest_001@5f058f00]" started-at="2023-05-15T12:51:19 IST" name="tearDown" finished-at="2023-05-15T12:51:21 IST" duration-ms="1215" status="PASS">
          <reporter-output>
          </reporter-output>
        </test-method> <!-- tearDown -->
      </class> <!-- com.inetbanking.testCases.TC_LoginTest_001 -->
    </test> <!-- BankingApp Test -->
  </suite> <!-- InetBankingV1 -->
</testng-results>
